2025-01-05 17:14:14,808 - INFO - Successfully loaded configuration from _CODER.coder.yaml
2025-01-05 17:14:14,808 - ERROR - Configuration error: Missing required section: project
2025-01-05 17:14:37,244 - INFO - Successfully loaded configuration from _CODER.coder.yaml
2025-01-05 17:14:37,244 - INFO - Configuration validation successful
2025-01-05 17:14:37,244 - INFO - Project configuration loaded successfully
2025-01-05 17:14:37,244 - INFO - Creating project directory at: /Users/yp/Code/Projects/my_project
2025-01-05 17:14:37,245 - INFO - Creating directory: /Users/yp/Code/Projects/my_project/tests
2025-01-05 17:14:37,245 - INFO - Creating directory: /Users/yp/Code/Projects/my_project/docs
2025-01-05 17:14:37,245 - INFO - Creating directory: /Users/yp/Code/Projects/my_project/.github
2025-01-05 17:14:37,245 - INFO - Creating file: /Users/yp/Code/Projects/my_project/README.md
2025-01-05 17:14:37,245 - INFO - Creating file: /Users/yp/Code/Projects/my_project/requirements.txt
2025-01-05 17:14:37,245 - INFO - Creating file: /Users/yp/Code/Projects/my_project/.gitignore
2025-01-05 17:14:37,245 - INFO - Project structure created successfully
2025-01-05 17:14:37,245 - INFO - Project created at: /Users/yp/Code/Projects/my_project
2025-01-05 17:15:50,903 - INFO - Successfully loaded configuration from _CODER.coder.yaml
2025-01-05 17:15:50,903 - INFO - Configuration validation successful
2025-01-05 17:15:50,903 - INFO - Project configuration loaded successfully
2025-01-05 17:15:50,903 - INFO - Creating project directory at: /Users/yp/Code/Projects/my_project
2025-01-05 17:15:50,903 - INFO - Creating directory: /Users/yp/Code/Projects/my_project/tests
2025-01-05 17:15:50,903 - INFO - Creating directory: /Users/yp/Code/Projects/my_project/docs
2025-01-05 17:15:50,903 - INFO - Creating directory: /Users/yp/Code/Projects/my_project/.github
2025-01-05 17:15:50,903 - INFO - File already exists: /Users/yp/Code/Projects/my_project/README.md
2025-01-05 17:15:50,903 - INFO - File already exists: /Users/yp/Code/Projects/my_project/requirements.txt
2025-01-05 17:15:50,903 - INFO - File already exists: /Users/yp/Code/Projects/my_project/.gitignore
2025-01-05 17:15:50,903 - INFO - Project structure created successfully
2025-01-05 17:15:50,903 - INFO - Project created at: /Users/yp/Code/Projects/my_project
2025-01-05 17:15:50,903 - INFO - copy_all is set to True, but functionality not yet implemented
2025-01-05 17:15:50,903 - INFO - Copying template file: .cursorrules
2025-01-05 17:15:50,904 - INFO - Copying template file: .env
2025-01-05 17:15:50,904 - INFO - Copying template file: .vscode/settings.json
2025-01-05 17:15:50,904 - WARNING - Template file not found: /Users/yp/Code/_CODER/.github/pull_request_template.md
2025-01-05 17:15:50,904 - INFO - Template files copied successfully
2025-01-05 17:16:11,480 - INFO - Successfully loaded configuration from _CODER.coder.yaml
2025-01-05 17:16:11,480 - INFO - Configuration validation successful
2025-01-05 17:16:11,480 - INFO - Project configuration loaded successfully
2025-01-05 17:16:11,481 - INFO - Creating project directory at: /Users/yp/Code/Projects/my_project
2025-01-05 17:16:11,481 - INFO - Creating directory: /Users/yp/Code/Projects/my_project/tests
2025-01-05 17:16:11,481 - INFO - Creating directory: /Users/yp/Code/Projects/my_project/docs
2025-01-05 17:16:11,481 - INFO - Creating directory: /Users/yp/Code/Projects/my_project/.github
2025-01-05 17:16:11,481 - INFO - Creating file: /Users/yp/Code/Projects/my_project/README.md
2025-01-05 17:16:11,481 - INFO - Creating file: /Users/yp/Code/Projects/my_project/requirements.txt
2025-01-05 17:16:11,481 - INFO - Creating file: /Users/yp/Code/Projects/my_project/.gitignore
2025-01-05 17:16:11,481 - INFO - Project structure created successfully
2025-01-05 17:16:11,481 - INFO - Project created at: /Users/yp/Code/Projects/my_project
2025-01-05 17:16:11,481 - INFO - copy_all is set to True, but functionality not yet implemented
2025-01-05 17:16:11,481 - INFO - Copying template file: .cursorrules
2025-01-05 17:16:11,481 - INFO - Copying template file: .env
2025-01-05 17:16:11,482 - INFO - Copying template file: .vscode/settings.json
2025-01-05 17:16:11,482 - WARNING - Template file not found: /Users/yp/Code/_CODER/.github/pull_request_template.md
2025-01-05 17:16:11,482 - INFO - Template files copied successfully
2025-01-05 17:17:46,206 - INFO - Successfully loaded configuration from _CODER.coder.yaml
2025-01-05 17:17:46,206 - INFO - Configuration validation successful
2025-01-05 17:17:46,206 - INFO - Project configuration loaded successfully
2025-01-05 17:17:46,206 - INFO - Creating project directory at: /Users/yp/Code/Projects/my_project
2025-01-05 17:17:46,207 - INFO - Creating directory: /Users/yp/Code/Projects/my_project/tests
2025-01-05 17:17:46,207 - INFO - Creating directory: /Users/yp/Code/Projects/my_project/docs
2025-01-05 17:17:46,207 - INFO - Creating directory: /Users/yp/Code/Projects/my_project/.github
2025-01-05 17:17:46,207 - INFO - Creating file: /Users/yp/Code/Projects/my_project/README.md
2025-01-05 17:17:46,207 - INFO - Creating file: /Users/yp/Code/Projects/my_project/requirements.txt
2025-01-05 17:17:46,207 - INFO - Creating file: /Users/yp/Code/Projects/my_project/.gitignore
2025-01-05 17:17:46,207 - INFO - Project structure created successfully
2025-01-05 17:17:46,207 - INFO - Project created at: /Users/yp/Code/Projects/my_project
2025-01-05 17:17:46,207 - INFO - copy_all is set to True, but functionality not yet implemented
2025-01-05 17:17:46,207 - INFO - Copying template file: .cursorrules
2025-01-05 17:17:46,207 - INFO - Copying template file: .env
2025-01-05 17:17:46,208 - INFO - Copying template file: .vscode/settings.json
2025-01-05 17:17:46,208 - WARNING - Template file not found: /Users/yp/Code/_CODER/.github/pull_request_template.md
2025-01-05 17:17:46,208 - INFO - Template files copied successfully
2025-01-05 17:17:46,631 - INFO - Creating conda environment 'my_project' with Python 3.12
2025-01-05 17:18:03,751 - INFO - Installing requirements from requirements.txt
2025-01-05 17:18:08,720 - INFO - Conda environment created successfully
2025-01-05 17:19:19,681 - INFO - Successfully loaded configuration from _CODER.coder.yaml
2025-01-05 17:19:19,682 - INFO - Configuration validation successful
2025-01-05 17:19:19,682 - INFO - Project configuration loaded successfully
2025-01-05 17:19:19,682 - INFO - Creating project directory at: /Users/yp/Code/Projects/my_project
2025-01-05 17:19:19,682 - INFO - Creating directory: /Users/yp/Code/Projects/my_project/tests
2025-01-05 17:19:19,682 - INFO - Creating directory: /Users/yp/Code/Projects/my_project/docs
2025-01-05 17:19:19,682 - INFO - Creating directory: /Users/yp/Code/Projects/my_project/.github
2025-01-05 17:19:19,682 - INFO - Creating file: /Users/yp/Code/Projects/my_project/README.md
2025-01-05 17:19:19,682 - INFO - Creating file: /Users/yp/Code/Projects/my_project/requirements.txt
2025-01-05 17:19:19,682 - INFO - Creating file: /Users/yp/Code/Projects/my_project/.gitignore
2025-01-05 17:19:19,683 - INFO - Project structure created successfully
2025-01-05 17:19:19,683 - INFO - Project created at: /Users/yp/Code/Projects/my_project
2025-01-05 17:19:19,683 - INFO - copy_all is set to True, but functionality not yet implemented
2025-01-05 17:19:19,683 - INFO - Copying template file: .cursorrules
2025-01-05 17:19:19,683 - INFO - Copying template file: .env
2025-01-05 17:19:19,683 - INFO - Copying template file: .vscode/settings.json
2025-01-05 17:19:19,684 - WARNING - Template file not found: /Users/yp/Code/_CODER/.github/pull_request_template.md
2025-01-05 17:19:19,684 - INFO - Template files copied successfully
2025-01-05 17:19:20,119 - INFO - Creating conda environment 'my_project' with Python 3.12
2025-01-05 17:19:36,154 - INFO - Installing requirements from requirements.txt
2025-01-05 17:19:37,220 - INFO - Conda environment created successfully
2025-01-05 17:19:37,220 - INFO - Initializing git repository
2025-01-05 17:19:37,240 - INFO - Adding files to git repository
2025-01-05 17:19:41,817 - INFO - Creating initial commit: Initial project setup - created by coder
2025-01-05 17:19:42,535 - INFO - Creating branch: develop
2025-01-05 17:19:42,543 - INFO - Creating branch: staging
2025-01-05 17:19:42,551 - INFO - Git repository initialized successfully
2025-01-05 17:19:42,551 - INFO - Project creation completed successfully
2025-01-05 17:24:50,593 - INFO - Successfully loaded configuration from _CODER.coder.yaml
2025-01-05 17:24:50,593 - INFO - Configuration validation successful
2025-01-05 17:24:50,593 - INFO - Project configuration loaded successfully
2025-01-05 17:24:50,593 - INFO - Creating project directory at: /Users/yp/Code/Projects/my_project
2025-01-05 17:24:50,593 - INFO - Creating directory: /Users/yp/Code/Projects/my_project/tests
2025-01-05 17:24:50,594 - INFO - Creating directory: /Users/yp/Code/Projects/my_project/docs
2025-01-05 17:24:50,594 - INFO - Creating directory: /Users/yp/Code/Projects/my_project/.github
2025-01-05 17:24:50,594 - INFO - Creating file: /Users/yp/Code/Projects/my_project/README.md
2025-01-05 17:24:50,594 - INFO - Creating file: /Users/yp/Code/Projects/my_project/requirements.txt
2025-01-05 17:24:50,594 - INFO - Creating file: /Users/yp/Code/Projects/my_project/.gitignore
2025-01-05 17:24:50,594 - INFO - Project structure created successfully
2025-01-05 17:24:50,594 - INFO - Project created at: /Users/yp/Code/Projects/my_project
2025-01-05 17:24:50,594 - INFO - Copying all files from templates directory
2025-01-05 17:24:50,595 - INFO - Copying template file: .cursorrules
2025-01-05 17:24:50,595 - INFO - Copying template file: .env
2025-01-05 17:24:50,596 - INFO - Copying template file: .vscode/settings.json
2025-01-05 17:24:50,596 - INFO - Copying template file: .github/pull_request_template.md
2025-01-05 17:24:50,596 - INFO - Template files copied successfully
2025-01-05 17:24:51,047 - INFO - Creating conda environment 'my_project' with Python 3.12
2025-01-05 17:25:07,720 - INFO - Installing requirements from requirements.txt
2025-01-05 17:25:08,800 - INFO - Conda environment created successfully
2025-01-05 17:25:08,800 - INFO - Initializing git repository
2025-01-05 17:25:08,816 - INFO - Adding files to git repository
2025-01-05 17:25:13,370 - INFO - Creating initial commit: Initial project setup - created by coder
2025-01-05 17:25:14,108 - INFO - Creating branch: develop
2025-01-05 17:25:14,118 - INFO - Creating branch: staging
2025-01-05 17:25:14,126 - INFO - Git repository initialized successfully
2025-01-05 17:25:14,126 - INFO - Project creation completed successfully
